INFO  02:13:48 Application started. Press Ctrl+C to shut down.
INFO  02:13:48 Application started. Press Ctrl+C to shut down.
INFO  02:13:48 Hosting environment: Development
INFO  02:13:48 Hosting environment: Development
INFO  02:13:48 Content root path: C:\Training\MFPE\Claims-Management-System\ClaimManagementSystem-2\MemberMicroservice
INFO  02:13:48 Content root path: C:\Training\MFPE\Claims-Management-System\ClaimManagementSystem-2\MemberMicroservice
INFO  02:14:40 ViewBills Accesed
INFO  02:15:21 ViewBills Accesed
INFO  02:16:22 ViewBills Accesed
INFO  02:16:47 Application started. Press Ctrl+C to shut down.
INFO  02:16:47 Application started. Press Ctrl+C to shut down.
INFO  02:16:47 Hosting environment: Development
INFO  02:16:47 Hosting environment: Development
INFO  02:16:47 Content root path: C:\Training\MFPE\Claims-Management-System\ClaimManagementSystem-2\MemberMicroservice
INFO  02:16:47 Content root path: C:\Training\MFPE\Claims-Management-System\ClaimManagementSystem-2\MemberMicroservice
INFO  02:21:43 Application started. Press Ctrl+C to shut down.
INFO  02:21:43 Application started. Press Ctrl+C to shut down.
INFO  02:21:43 Hosting environment: Development
INFO  02:21:43 Hosting environment: Development
INFO  02:21:43 Content root path: C:\Training\MFPE\Claims-Management-System\ClaimManagementSystem-2\MemberMicroservice
INFO  02:21:43 Content root path: C:\Training\MFPE\Claims-Management-System\ClaimManagementSystem-2\MemberMicroservice
INFO  02:21:46 GetClaimStatus Accesed
INFO  02:22:38 ViewBills Accesed
INFO  02:22:42 ViewBills Accesed
INFO  02:22:46 ViewBills Accesed
INFO  10:34:30 Application started. Press Ctrl+C to shut down.
INFO  10:34:30 Application started. Press Ctrl+C to shut down.
INFO  10:34:30 Hosting environment: Development
INFO  10:34:30 Hosting environment: Development
INFO  10:34:30 Content root path: C:\Training\MFPE\Claims-Management-System\ClaimManagementSystem-2\MemberMicroservice
INFO  10:34:30 Content root path: C:\Training\MFPE\Claims-Management-System\ClaimManagementSystem-2\MemberMicroservice
INFO  10:40:28 Application started. Press Ctrl+C to shut down.
INFO  10:40:28 Application started. Press Ctrl+C to shut down.
INFO  10:40:28 Hosting environment: Development
INFO  10:40:28 Hosting environment: Development
INFO  10:40:28 Content root path: C:\Users\2085836\OneDrive - Cognizant\Desktop\Azure\ClaimManagementSystem-2\MemberMicroservice
INFO  10:40:28 Content root path: C:\Users\2085836\OneDrive - Cognizant\Desktop\Azure\ClaimManagementSystem-2\MemberMicroservice
INFO  10:45:28 Application started. Press Ctrl+C to shut down.
INFO  10:45:28 Application started. Press Ctrl+C to shut down.
INFO  10:45:28 Hosting environment: Development
INFO  10:45:28 Hosting environment: Development
INFO  10:45:28 Content root path: C:\Users\2085836\OneDrive - Cognizant\Desktop\Azure\ClaimManagementSystem-2\MemberMicroservice
INFO  10:45:28 Content root path: C:\Users\2085836\OneDrive - Cognizant\Desktop\Azure\ClaimManagementSystem-2\MemberMicroservice
INFO  10:55:20 ViewBills Accesed
INFO  10:55:40 ViewBills Accesed
INFO  10:55:44 ViewBills Accesed
INFO  10:55:49 ViewBills Accesed
INFO  10:16:04 Application started. Press Ctrl+C to shut down.
INFO  10:16:04 Application started. Press Ctrl+C to shut down.
INFO  10:16:04 Hosting environment: Development
INFO  10:16:04 Hosting environment: Development
INFO  10:16:04 Content root path: C:\Users\2085836\OneDrive - Cognizant\Desktop\Azure\ClaimManagementSystem-2\MemberMicroservice
INFO  10:16:04 Content root path: C:\Users\2085836\OneDrive - Cognizant\Desktop\Azure\ClaimManagementSystem-2\MemberMicroservice
INFO  10:28:10 SubmitClaim Accesed
INFO  10:44:51 Application started. Press Ctrl+C to shut down.
INFO  10:44:51 Application started. Press Ctrl+C to shut down.
INFO  10:44:51 Hosting environment: Development
INFO  10:44:51 Hosting environment: Development
INFO  10:44:51 Content root path: C:\Users\2085836\OneDrive - Cognizant\Desktop\Azure\ClaimManagementSystem-2\MemberMicroservice
INFO  10:44:51 Content root path: C:\Users\2085836\OneDrive - Cognizant\Desktop\Azure\ClaimManagementSystem-2\MemberMicroservice
INFO  10:49:21 Application started. Press Ctrl+C to shut down.
INFO  10:49:21 Application started. Press Ctrl+C to shut down.
INFO  10:49:21 Hosting environment: Development
INFO  10:49:21 Hosting environment: Development
INFO  10:49:21 Content root path: C:\Users\2085836\OneDrive - Cognizant\Desktop\Azure\ClaimManagementSystem-2\MemberMicroservice
INFO  10:49:21 Content root path: C:\Users\2085836\OneDrive - Cognizant\Desktop\Azure\ClaimManagementSystem-2\MemberMicroservice
INFO  11:00:49 Application started. Press Ctrl+C to shut down.
INFO  11:00:49 Application started. Press Ctrl+C to shut down.
INFO  11:00:49 Hosting environment: Development
INFO  11:00:49 Hosting environment: Development
INFO  11:00:49 Content root path: C:\Users\2085836\OneDrive - Cognizant\Desktop\Azure\ClaimManagementSystem-2\MemberMicroservice
INFO  11:00:49 Content root path: C:\Users\2085836\OneDrive - Cognizant\Desktop\Azure\ClaimManagementSystem-2\MemberMicroservice
INFO  11:13:19 Application started. Press Ctrl+C to shut down.
INFO  11:13:19 Application started. Press Ctrl+C to shut down.
INFO  11:13:19 Hosting environment: Development
INFO  11:13:19 Hosting environment: Development
INFO  11:13:20 Content root path: C:\Users\2085836\OneDrive - Cognizant\Desktop\Azure\ClaimManagementSystem-2\MemberMicroservice
INFO  11:13:20 Content root path: C:\Users\2085836\OneDrive - Cognizant\Desktop\Azure\ClaimManagementSystem-2\MemberMicroservice
INFO  02:21:47 GetClaimStatus Accesed
INFO  03:08:11 Application started. Press Ctrl+C to shut down.
INFO  03:08:11 Application started. Press Ctrl+C to shut down.
INFO  03:08:11 Hosting environment: Development
INFO  03:08:11 Hosting environment: Development
INFO  03:08:11 Content root path: C:\Users\2085836\OneDrive - Cognizant\Desktop\Azure\ClaimManagementSystem-2\MemberMicroservice
INFO  03:08:11 Content root path: C:\Users\2085836\OneDrive - Cognizant\Desktop\Azure\ClaimManagementSystem-2\MemberMicroservice
INFO  03:41:52 SubmitClaim Accesed
INFO  03:44:09 ViewBills Accesed
INFO  03:47:00 GetClaimStatus Accesed
INFO  03:47:11 ViewBills Accesed
INFO  03:52:31 ViewBills Accesed
INFO  04:22:28 ViewBills Accesed
INFO  04:23:02 GetClaimStatus Accesed
INFO  04:23:13 SubmitClaim Accesed
INFO  04:24:48 SubmitClaim Accesed
INFO  04:35:43 Application started. Press Ctrl+C to shut down.
INFO  04:35:43 Application started. Press Ctrl+C to shut down.
INFO  04:35:43 Hosting environment: Development
INFO  04:35:43 Hosting environment: Development
INFO  04:35:43 Content root path: C:\Users\2085836\OneDrive - Cognizant\Desktop\Azure\ClaimManagementSystem-2\MemberMicroservice
INFO  04:35:43 Content root path: C:\Users\2085836\OneDrive - Cognizant\Desktop\Azure\ClaimManagementSystem-2\MemberMicroservice
INFO  04:37:04 ViewBills Accesed
INFO  04:37:13 ViewBills Accesed
INFO  04:37:32 ViewBills Accesed
INFO  04:37:51 ViewBills Accesed
INFO  04:38:06 GetClaimStatus Accesed
INFO  08:51:43 Application started. Press Ctrl+C to shut down.
INFO  08:51:43 Application started. Press Ctrl+C to shut down.
INFO  08:51:43 Hosting environment: Development
INFO  08:51:43 Hosting environment: Development
INFO  08:51:43 Content root path: C:\Users\2085836\OneDrive - Cognizant\Desktop\Azure\ClaimManagementSystem-2\MemberMicroservice
INFO  08:51:43 Content root path: C:\Users\2085836\OneDrive - Cognizant\Desktop\Azure\ClaimManagementSystem-2\MemberMicroservice
INFO  09:03:18 GetClaimStatus Accesed
INFO  09:03:30 GetClaimStatus Accesed
INFO  09:06:14 GetClaimStatus Accesed
INFO  09:12:39 SubmitClaim Accesed
INFO  09:27:20 SubmitClaim Accesed
INFO  10:25:35 Application started. Press Ctrl+C to shut down.
INFO  10:25:35 Application started. Press Ctrl+C to shut down.
INFO  10:25:35 Hosting environment: Development
INFO  10:25:35 Hosting environment: Development
INFO  10:25:35 Content root path: C:\Users\2085836\OneDrive - Cognizant\Desktop\Azure\ClaimManagementSystem-2\MemberMicroservice
INFO  10:25:35 Content root path: C:\Users\2085836\OneDrive - Cognizant\Desktop\Azure\ClaimManagementSystem-2\MemberMicroservice
INFO  10:27:30 GetClaimStatus Accesed
INFO  10:28:47 GetClaimStatus Accesed
INFO  10:29:03 GetClaimStatus Accesed
INFO  10:37:32 ViewBills Accesed
INFO  10:37:44 GetClaimStatus Accesed
INFO  10:37:46 ViewBills Accesed
INFO  10:38:27 ViewBills Accesed
INFO  10:41:14 SubmitClaim Accesed
INFO  10:42:21 GetClaimStatus Accesed
INFO  10:42:23 ViewBills Accesed
INFO  10:42:27 ViewBills Accesed
INFO  10:44:18 GetClaimStatus Accesed
INFO  10:55:56 SubmitClaim Accesed
INFO  11:29:25 SubmitClaim Accesed
INFO  11:31:46 GetClaimStatus Accesed
INFO  11:31:47 ViewBills Accesed
INFO  11:48:55 SubmitClaim Accesed
INFO  09:11:18 Application started. Press Ctrl+C to shut down.
INFO  09:11:18 Application started. Press Ctrl+C to shut down.
INFO  09:11:18 Hosting environment: Development
INFO  09:11:18 Hosting environment: Development
INFO  09:11:18 Content root path: C:\Users\2085836\OneDrive - Cognizant\Desktop\Azure\ClaimManagementSystem-2\MemberMicroservice
INFO  09:11:18 Content root path: C:\Users\2085836\OneDrive - Cognizant\Desktop\Azure\ClaimManagementSystem-2\MemberMicroservice
INFO  09:36:10 Application started. Press Ctrl+C to shut down.
INFO  09:36:10 Application started. Press Ctrl+C to shut down.
INFO  09:36:10 Hosting environment: Development
INFO  09:36:10 Hosting environment: Development
INFO  09:36:10 Content root path: C:\Users\2085836\OneDrive - Cognizant\Desktop\Azure\ClaimManagementSystem-2\MemberMicroservice
INFO  09:36:10 Content root path: C:\Users\2085836\OneDrive - Cognizant\Desktop\Azure\ClaimManagementSystem-2\MemberMicroservice
INFO  09:43:44 Application started. Press Ctrl+C to shut down.
INFO  09:43:44 Application started. Press Ctrl+C to shut down.
INFO  09:43:44 Hosting environment: Development
INFO  09:43:44 Hosting environment: Development
INFO  09:43:44 Content root path: C:\Users\2085836\OneDrive - Cognizant\Desktop\Azure\ClaimManagementSystem-2\MemberMicroservice
INFO  09:43:44 Content root path: C:\Users\2085836\OneDrive - Cognizant\Desktop\Azure\ClaimManagementSystem-2\MemberMicroservice
INFO  09:48:46 GetClaimStatus Accesed
INFO  09:49:04 GetClaimStatus Accesed
INFO  09:52:46 ViewBills Accesed
INFO  09:52:54 GetClaimStatus Accesed
INFO  09:54:42 GetClaimStatus Accesed
INFO  09:54:52 GetClaimStatus Accesed
INFO  09:54:54 ViewBills Accesed
INFO  09:55:02 GetClaimStatus Accesed
INFO  09:55:06 ViewBills Accesed
INFO  09:55:08 ViewBills Accesed
INFO  09:55:14 ViewBills Accesed
INFO  09:55:44 ViewBills Accesed
INFO  09:59:33 SubmitClaim Accesed
INFO  10:00:32 ViewBills Accesed
INFO  10:01:41 GetClaimStatus Accesed
INFO  10:01:42 ViewBills Accesed
INFO  10:01:49 ViewBills Accesed
INFO  10:18:12 GetClaimStatus Accesed
INFO  10:18:14 ViewBills Accesed
INFO  10:29:26 GetClaimStatus Accesed
INFO  10:29:46 ViewBills Accesed
INFO  09:32:53 Application started. Press Ctrl+C to shut down.
INFO  09:32:53 Application started. Press Ctrl+C to shut down.
INFO  09:32:53 Hosting environment: Development
INFO  09:32:53 Hosting environment: Development
INFO  09:32:53 Content root path: C:\Users\2085836\OneDrive - Cognizant\Desktop\Azure\ClaimManagementSystem-2\MemberMicroservice
INFO  09:32:53 Content root path: C:\Users\2085836\OneDrive - Cognizant\Desktop\Azure\ClaimManagementSystem-2\MemberMicroservice
INFO  09:48:17 ViewBills Accesed
INFO  09:52:08 Application started. Press Ctrl+C to shut down.
INFO  09:52:08 Application started. Press Ctrl+C to shut down.
INFO  09:52:08 Hosting environment: Development
INFO  09:52:08 Hosting environment: Development
INFO  09:52:08 Content root path: C:\Users\2085836\OneDrive - Cognizant\Desktop\Azure\ClaimManagementSystem-2\MemberMicroservice
INFO  09:52:08 Content root path: C:\Users\2085836\OneDrive - Cognizant\Desktop\Azure\ClaimManagementSystem-2\MemberMicroservice
INFO  10:07:46 SubmitClaim Accesed
INFO  10:09:20 GetClaimStatus Accesed
INFO  10:10:39 GetClaimStatus Accesed
INFO  10:10:55 GetClaimStatus Accesed
INFO  10:10:57 ViewBills Accesed
INFO  10:11:35 GetClaimStatus Accesed
INFO  10:11:49 ViewBills Accesed
INFO  10:11:58 GetClaimStatus Accesed
INFO  10:12:08 GetClaimStatus Accesed
INFO  10:12:10 ViewBills Accesed
INFO  10:51:28 GetClaimStatus Accesed
INFO  10:52:17 ViewBills Accesed
INFO  10:52:23 GetClaimStatus Accesed
INFO  10:52:34 ViewBills Accesed
INFO  10:53:20 GetClaimStatus Accesed
INFO  10:53:23 ViewBills Accesed
INFO  11:11:57 Application started. Press Ctrl+C to shut down.
INFO  11:11:57 Application started. Press Ctrl+C to shut down.
INFO  11:11:57 Hosting environment: Development
INFO  11:11:57 Hosting environment: Development
INFO  11:11:57 Content root path: C:\Users\2085836\OneDrive - Cognizant\Desktop\Azure\ClaimManagementSystem-2\MemberMicroservice
INFO  11:11:57 Content root path: C:\Users\2085836\OneDrive - Cognizant\Desktop\Azure\ClaimManagementSystem-2\MemberMicroservice
INFO  11:21:12 SubmitClaim Accesed
INFO  11:23:13 GetClaimStatus Accesed
INFO  11:23:29 GetClaimStatus Accesed
INFO  11:23:33 ViewBills Accesed
INFO  11:24:16 ViewBills Accesed
INFO  11:24:40 ViewBills Accesed
INFO  11:24:47 ViewBills Accesed
INFO  11:25:46 GetClaimStatus Accesed
INFO  11:25:48 ViewBills Accesed
INFO  12:29:36 Application started. Press Ctrl+C to shut down.
INFO  12:29:36 Application started. Press Ctrl+C to shut down.
INFO  12:29:36 Hosting environment: Development
INFO  12:29:36 Hosting environment: Development
INFO  12:29:36 Content root path: C:\Users\2085836\OneDrive - Cognizant\Desktop\Azure\ClaimManagementSystem-2\MemberMicroservice
INFO  12:29:36 Content root path: C:\Users\2085836\OneDrive - Cognizant\Desktop\Azure\ClaimManagementSystem-2\MemberMicroservice
INFO  12:32:49 Application started. Press Ctrl+C to shut down.
INFO  12:32:49 Application started. Press Ctrl+C to shut down.
INFO  12:32:49 Hosting environment: Development
INFO  12:32:49 Hosting environment: Development
INFO  12:32:49 Content root path: C:\Users\2085836\OneDrive - Cognizant\Desktop\Azure\ClaimManagementSystem-2\MemberMicroservice
INFO  12:32:49 Content root path: C:\Users\2085836\OneDrive - Cognizant\Desktop\Azure\ClaimManagementSystem-2\MemberMicroservice
INFO  01:25:42 GetClaimStatus Accesed
INFO  02:03:27 SubmitClaim Accesed
INFO  02:21:34 SubmitClaim Accesed
INFO  02:23:34 SubmitClaim Accesed
INFO  02:34:52 SubmitClaim Accesed
INFO  02:34:54 SubmitClaim Accesed
INFO  02:39:55 SubmitClaim Accesed
INFO  03:05:42 Application started. Press Ctrl+C to shut down.
INFO  03:05:42 Application started. Press Ctrl+C to shut down.
INFO  03:05:42 Hosting environment: Development
INFO  03:05:42 Hosting environment: Development
INFO  03:05:42 Content root path: C:\Users\2085836\OneDrive - Cognizant\Desktop\Azure\ClaimManagementSystem-2\MemberMicroservice
INFO  03:05:42 Content root path: C:\Users\2085836\OneDrive - Cognizant\Desktop\Azure\ClaimManagementSystem-2\MemberMicroservice
INFO  03:06:03 GetClaimStatus Accesed
INFO  03:06:25 GetClaimStatus Accesed
INFO  03:17:59 Application started. Press Ctrl+C to shut down.
INFO  03:17:59 Application started. Press Ctrl+C to shut down.
INFO  03:17:59 Hosting environment: Development
INFO  03:17:59 Hosting environment: Development
INFO  03:17:59 Content root path: C:\Users\2085836\OneDrive - Cognizant\Desktop\Azure\ClaimManagementSystem-2\MemberMicroservice
INFO  03:17:59 Content root path: C:\Users\2085836\OneDrive - Cognizant\Desktop\Azure\ClaimManagementSystem-2\MemberMicroservice
INFO  03:39:48 GetClaimStatus Accesed
INFO  03:44:26 GetClaimStatus Accesed
INFO  03:44:56 GetClaimStatus Accesed
INFO  03:46:32 GetClaimStatus Accesed
INFO  03:46:36 ViewBills Accesed
INFO  03:58:06 SubmitClaim Accesed
INFO  03:59:18 ViewBills Accesed
INFO  03:59:29 GetClaimStatus Accesed
INFO  03:59:37 ViewBills Accesed
INFO  10:02:53 Application started. Press Ctrl+C to shut down.
INFO  10:02:53 Application started. Press Ctrl+C to shut down.
INFO  10:02:53 Hosting environment: Development
INFO  10:02:53 Hosting environment: Development
INFO  10:02:53 Content root path: C:\Users\2085836\OneDrive - Cognizant\Desktop\Azure\ClaimManagementSystem-2\MemberMicroservice
INFO  10:02:53 Content root path: C:\Users\2085836\OneDrive - Cognizant\Desktop\Azure\ClaimManagementSystem-2\MemberMicroservice
INFO  10:21:35 SubmitClaim Accesed
INFO  10:22:46 ViewBills Accesed
INFO  10:24:15 GetClaimStatus Accesed
INFO  10:24:42 GetClaimStatus Accesed
INFO  10:25:09 GetClaimStatus Accesed
INFO  10:28:26 Application started. Press Ctrl+C to shut down.
INFO  10:28:26 Application started. Press Ctrl+C to shut down.
INFO  10:28:26 Hosting environment: Development
INFO  10:28:26 Hosting environment: Development
INFO  10:28:26 Content root path: C:\Users\2085836\OneDrive - Cognizant\Desktop\Azure\ClaimManagementSystem-2\MemberMicroservice
INFO  10:28:26 Content root path: C:\Users\2085836\OneDrive - Cognizant\Desktop\Azure\ClaimManagementSystem-2\MemberMicroservice
INFO  10:35:41 SubmitClaim Accesed
INFO  10:37:22 GetClaimStatus Accesed
INFO  10:37:40 GetClaimStatus Accesed
INFO  10:37:56 ViewBills Accesed
INFO  11:07:38 Application started. Press Ctrl+C to shut down.
INFO  11:07:38 Application started. Press Ctrl+C to shut down.
INFO  11:07:38 Hosting environment: Development
INFO  11:07:38 Hosting environment: Development
INFO  11:07:38 Content root path: C:\Users\2085836\OneDrive - Cognizant\Desktop\Azure\ClaimManagementSystem-2\MemberMicroservice
INFO  11:07:38 Content root path: C:\Users\2085836\OneDrive - Cognizant\Desktop\Azure\ClaimManagementSystem-2\MemberMicroservice
INFO  11:14:52 Application started. Press Ctrl+C to shut down.
INFO  11:14:52 Application started. Press Ctrl+C to shut down.
INFO  11:14:52 Hosting environment: Development
INFO  11:14:52 Hosting environment: Development
INFO  11:14:52 Content root path: C:\Users\2085836\OneDrive - Cognizant\Desktop\Azure\ClaimManagementSystem-2\MemberMicroservice
INFO  11:14:52 Content root path: C:\Users\2085836\OneDrive - Cognizant\Desktop\Azure\ClaimManagementSystem-2\MemberMicroservice
INFO  11:19:51 GetClaimStatus Accesed
INFO  11:20:01 ViewBills Accesed
INFO  11:24:51 Application started. Press Ctrl+C to shut down.
INFO  11:24:51 Application started. Press Ctrl+C to shut down.
INFO  11:24:51 Hosting environment: Development
INFO  11:24:51 Hosting environment: Development
INFO  11:24:51 Content root path: C:\Users\2085836\OneDrive - Cognizant\Desktop\Azure\ClaimManagementSystem-2\MemberMicroservice
INFO  11:24:51 Content root path: C:\Users\2085836\OneDrive - Cognizant\Desktop\Azure\ClaimManagementSystem-2\MemberMicroservice
INFO  11:25:44 GetClaimStatus Accesed
INFO  11:28:06 GetClaimStatus Accesed
INFO  11:29:49 GetClaimStatus Accesed
INFO  11:31:51 GetClaimStatus Accesed
INFO  11:33:01 GetClaimStatus Accesed
INFO  11:33:12 GetClaimStatus Accesed
INFO  11:33:55 GetClaimStatus Accesed
INFO  11:34:11 GetClaimStatus Accesed
INFO  11:34:24 GetClaimStatus Accesed
INFO  11:34:36 GetClaimStatus Accesed
INFO  11:53:20 SubmitClaim Accesed
INFO  11:57:48 SubmitClaim Accesed
INFO  11:59:55 SubmitClaim Accesed
INFO  12:02:54 SubmitClaim Accesed
INFO  12:24:17 SubmitClaim Accesed
INFO  12:26:47 SubmitClaim Accesed
INFO  12:27:22 GetClaimStatus Accesed
INFO  12:27:31 GetClaimStatus Accesed
INFO  12:28:22 GetClaimStatus Accesed
INFO  12:28:31 ViewBills Accesed
INFO  12:34:46 SubmitClaim Accesed
INFO  12:39:35 SubmitClaim Accesed
INFO  01:08:16 SubmitClaim Accesed
INFO  01:09:30 GetClaimStatus Accesed
INFO  01:13:50 SubmitClaim Accesed
INFO  01:38:03 GetClaimStatus Accesed
INFO  01:38:09 ViewBills Accesed
INFO  01:38:14 ViewBills Accesed
INFO  01:38:23 ViewBills Accesed
INFO  01:38:31 ViewBills Accesed
INFO  01:38:40 GetClaimStatus Accesed
INFO  01:41:05 ViewBills Accesed
INFO  01:41:10 ViewBills Accesed
INFO  02:11:15 GetClaimStatus Accesed
